[debug] [2021-11-16T14:38:51.519Z] ----------------------------------------------------------------------
[debug] [2021-11-16T14:38:51.525Z] Command:       C:\Program Files\nodejs\node.exe C:\Users\DELL\AppData\Roaming\npm\node_modules\firebase-tools\lib\bin\firebase.js login
[debug] [2021-11-16T14:38:51.527Z] CLI Version:   9.22.0
[debug] [2021-11-16T14:38:51.527Z] Platform:      win32
[debug] [2021-11-16T14:38:51.527Z] Node Version:  v14.17.0
[debug] [2021-11-16T14:38:51.531Z] Time:          Tue Nov 16 2021 20:08:51 GMT+0530 (India Standard Time)
[debug] [2021-11-16T14:38:51.531Z] ----------------------------------------------------------------------
[debug] 
[debug] [2021-11-16T14:38:51.539Z] >>> [apiv2][query] GET https://firebase-public.firebaseio.com/cli.json [none]
[info] i  Firebase optionally collects CLI usage and error reporting information to help improve our products. Data is collected in accordance with Google's privacy policy (https://policies.google.com/privacy) and is not used to identify you.
 
[debug] [2021-11-16T14:38:53.305Z] <<< [apiv2][status] GET https://firebase-public.firebaseio.com/cli.json 200
[debug] [2021-11-16T14:38:53.306Z] <<< [apiv2][body] GET https://firebase-public.firebaseio.com/cli.json {"cloudBuildErrorAfter":1594252800000,"cloudBuildWarnAfter":1590019200000,"defaultNode10After":1594252800000,"minVersion":"3.0.5","node8DeploysDisabledAfter":1613390400000,"node8RuntimeDisabledAfter":1615809600000,"node8WarnAfter":1600128000000}
[info] i  To change your data collection preference at any time, run `firebase logout` and log in again. 
[info] 
[info] Visit this URL on this device to log in:
[info] https://accounts.google.com/o/oauth2/auth?client_id=563584335869-fgrhgmd47bqnekij5i8b5pr03ho849e6.apps.googleusercontent.com&scope=email%20openid%20https%3A%2F%2Fwww.googleapis.com%2Fauth%2Fcloudplatformprojects.readonly%20https%3A%2F%2Fwww.googleapis.com%2Fauth%2Ffirebase%20https%3A%2F%2Fwww.googleapis.com%2Fauth%2Fcloud-platform&response_type=code&state=244053216&redirect_uri=http%3A%2F%2Flocalhost%3A9005
[info] 
[info] Waiting for authentication...
[debug] [2021-11-16T14:38:57.490Z] Error: spawn cmd ENOENT
    at Process.ChildProcess._handle.onexit (internal/child_process.js:269:19)
    at onErrorNT (internal/child_process.js:467:16)
    at processTicksAndRejections (internal/process/task_queues.js:82:21)
[error] 
[error] Error: An unexpected error has occurred.
